<?xml version="1.0" encoding="UTF-8"?>
<!-- Generated by org.testng.reporters.JUnitReportReporter -->
<testsuite hostname="LAPTOP-G36REPGV" failures="0" tests="2" name="APIRest.APIRest.Basic" time="3.787" errors="0" timestamp="2022-07-09T17:01:46 IST" skipped="0">
  <testcase classname="APIRest.APIRest.Basic" name="printRespone" time="1.486"/>
  <system-out/>
  <testcase classname="APIRest.APIRest.Basic" name="basicTest" time="2.301"/>
  <system-out/>
</testsuite> <!-- APIRest.APIRest.Basic -->
